2015-10-14 13:14:54 INFO  ContextLoader:307 - Root WebApplicationContext: initialization started
2015-10-14 13:14:55 INFO  XmlWebApplicationContext:573 - Refreshing Root WebApplicationContext: startup date [Wed Oct 14 13:14:55 EEST 2015]; root of context hierarchy
2015-10-14 13:14:55 INFO  XmlBeanDefinitionReader:317 - Loading XML bean definitions from class path resource [toj/demo/whatsup/http/resource/resources.xml]
2015-10-14 13:14:58 INFO  XmlBeanDefinitionReader:317 - Loading XML bean definitions from class path resource [toj/demo/whatsup/dao/spring-persistence.xml]
2015-10-14 13:14:58 INFO  XmlBeanDefinitionReader:317 - Loading XML bean definitions from class path resource [toj/demo/whatsup/someFeature/http/resource/resources.xml]
2015-10-14 13:14:58 INFO  XmlBeanDefinitionReader:317 - Loading XML bean definitions from class path resource [toj/demo/whatsup/someFeature/aComponent/a-component.xml]
2015-10-14 13:14:58 INFO  XmlBeanDefinitionReader:317 - Loading XML bean definitions from class path resource [toj/demo/whatsup/user/http/resource/resources.xml]
2015-10-14 13:14:58 INFO  XmlBeanDefinitionReader:317 - Loading XML bean definitions from class path resource [toj/demo/whatsup/user/service/services.xml]
2015-10-14 13:14:58 INFO  XmlBeanDefinitionReader:317 - Loading XML bean definitions from class path resource [toj/demo/whatsup/message/http/resource/resources.xml]
2015-10-14 13:14:58 INFO  XmlBeanDefinitionReader:317 - Loading XML bean definitions from class path resource [toj/demo/whatsup/message/service/services.xml]
2015-10-14 13:14:58 INFO  XmlBeanDefinitionReader:317 - Loading XML bean definitions from class path resource [toj/demo/whatsup/follower/http/resource/resources.xml]
2015-10-14 13:14:58 INFO  AutowiredAnnotationBeanPostProcessor:153 - JSR-330 'javax.inject.Inject' annotation found and supported for autowiring
2015-10-14 13:14:59 INFO  LocalContainerEntityManagerFactoryBean:339 - Building JPA container EntityManagerFactory for persistence unit 'testPU'
2015-10-14 13:14:59 INFO  LogHelper:31 - HHH000204: Processing PersistenceUnitInfo [
	name: testPU
	...]
2015-10-14 13:14:59 INFO  Version:37 - HHH000412: Hibernate Core {5.0.2.Final}
2015-10-14 13:14:59 INFO  Environment:213 - HHH000206: hibernate.properties not found
2015-10-14 13:14:59 INFO  Environment:317 - HHH000021: Bytecode provider name : javassist
2015-10-14 13:14:59 INFO  Version:66 - HCANN000001: Hibernate Commons Annotations {5.0.0.Final}
2015-10-14 13:15:04 INFO  Dialect:154 - HHH000400: Using dialect: org.hibernate.dialect.SQLServer2012Dialect
2015-10-14 13:15:07 INFO  SchemaUpdate:101 - HHH000228: Running hbm2ddl schema update
2015-10-14 13:15:10 INFO  GlobalSettings:113 - Trying to find Dozer configuration file: dozer.properties
2015-10-14 13:15:10 WARN  GlobalSettings:118 - Dozer configuration file not found: dozer.properties.  Using defaults for all Dozer global properties.
2015-10-14 13:15:11 INFO  DozerInitializer:75 - Initializing Dozer. Version: 5.5.0, Thread Name: Scanner-2
2015-10-14 13:15:11 INFO  JMXPlatformImpl:66 - Dozer JMX MBean [org.dozer.jmx:type=DozerStatisticsController] auto registered with the Platform MBean Server
2015-10-14 13:15:11 INFO  JMXPlatformImpl:66 - Dozer JMX MBean [org.dozer.jmx:type=DozerAdminController] auto registered with the Platform MBean Server
2015-10-14 13:15:11 INFO  DozerBeanMapper:175 - Initializing a new instance of dozer bean mapper.
2015-10-14 13:15:11 INFO  ContextLoader:347 - Root WebApplicationContext: initialization completed in 16591 ms
